<?xml version="1.0" encoding="UTF-8"?>
<!-- Generated by org.testng.reporters.JUnitReportReporter -->
<testsuite hostname="HIBACL54346" name="training_package.Find_Broken_Links" tests="1" failures="0" timestamp="11 Sep 2017 07:42:19 GMT" time="9.909" errors="0">
  <testcase name="Broken_Links" time="9.909" classname="training_package.Find_Broken_Links"/>
</testsuite> <!-- training_package.Find_Broken_Links -->
