<?xml version="1.0" encoding="UTF-8"?>
<!-- Generated by org.testng.reporters.JUnitReportReporter -->
<testsuite hostname="HIBACL54346" name="training_package.Execute_JavaScript_Code" tests="1" failures="0" timestamp="11 Sep 2017 09:28:36 GMT" time="11.773" errors="0">
  <testcase name="Login" time="11.773" classname="training_package.Execute_JavaScript_Code"/>
</testsuite> <!-- training_package.Execute_JavaScript_Code -->
