<?xml version="1.0" encoding="UTF-8"?>
<!-- Generated by org.testng.reporters.JUnitReportReporter -->
<testsuite hostname="HIBACL54346" name="training_package.Guru99_Login" tests="1" failures="1" timestamp="5 Sep 2017 13:41:52 GMT" time="0.002" errors="0">
  <testcase name="Login" time="0.002" classname="training_package.Guru99_Login">
    <failure type="org.openqa.selenium.WebDriverException" message="Failed to connect to binary FirefoxBinary(C:\Program Files (x86)\Mozilla Firefox\firefox.exe) on port 7056; process output follows: 
read XPI database
*** Blocklist::_loadBlocklistFromFile: blocklist is disabled
1504618862429	addons.manager	DEBUG	Starting provider: PreviousExperimentProvider
1504618862429	addons.manager	DEBUG	Registering shutdown blocker for PreviousExperimentProvider
1504618862429	addons.manager	DEBUG	Provider finished startup: PreviousExperimentProvider
1504618863860	addons.manager	DEBUG	Starting provider: &lt;unnamed-provider&gt;
1504618863860	addons.manager	DEBUG	Registering shutdown blocker for &lt;unnamed-provider&gt;
1504618863861	addons.manager	DEBUG	Provider finished startup: &lt;unnamed-provider&gt;
1504618863874	addons.xpi	INFO	Mapping fxdriver@googlecode.com to C:\Users\adixit\AppData\Local\Temp\anonymous7190626328576219946webdriver-profile\extensions\fxdriver@googlecode.com
1504618863874	addons.xpi	DEBUG	Ignoring file entry whose name is not a valid add-on ID: C:\Users\adixit\AppData\Local\Temp\anonymous7190626328576219946webdriver-profile\extensions\webdriver-staging
1504618863875	addons.xpi	DEBUG	Existing add-on fxdriver@googlecode.com in app-profile
1504618863876	addons.xpi	INFO	Mapping aushelper@mozilla.org to C:\Program Files (x86)\Mozilla Firefox\browser\features\aushelper@mozilla.org.xpi
1504618863877	addons.xpi	INFO	Mapping clicktoplay-rollout@mozilla.org to C:\Program Files (x86)\Mozilla Firefox\browser\features\clicktoplay-rollout@mozilla.org.xpi
1504618863877	addons.xpi	INFO	Mapping e10srollout@mozilla.org to C:\Program Files (x86)\Mozilla Firefox\browser\features\e10srollout@mozilla.org.xpi
1504618863877	addons.xpi	INFO	Mapping firefox@getpocket.com to C:\Program Files (x86)\Mozilla Firefox\browser\features\firefox@getpocket.com.xpi
1504618863878	addons.xpi	INFO	Mapping followonsearch@mozilla.com to C:\Program Files (x86)\Mozilla Firefox\browser\features\followonsearch@mozilla.com.xpi
1504618863878	addons.xpi	INFO	Mapping screenshots@mozilla.org to C:\Program Files (x86)\Mozilla Firefox\browser\features\screenshots@mozilla.org.xpi
1504618863878	addons.xpi	INFO	Mapping shield-recipe-client@mozilla.org to C:\Program Files (x86)\Mozilla Firefox\browser\features\shield-recipe-client@mozilla.org.xpi
1504618863878	addons.xpi	INFO	Mapping webcompat@mozilla.org to C:\Program Files (x86)\Mozilla Firefox\browser\features\webcompat@mozilla.org.xpi
1504618863879	addons.xpi	DEBUG	Existing add-on aushelper@mozilla.org in app-system-defaults
1504618863880	addons.xpi	DEBUG	Existing add-on clicktoplay-rollout@mozilla.org in app-system-defaults
1504618863881	addons.xpi	DEBUG	Existing add-on e10srollout@mozilla.org in app-system-defaults
1504618863882	addons.xpi	DEBUG	Existing add-on firefox@getpocket.com in app-system-defaults
1504618863882	addons.xpi	DEBUG	Existing add-on followonsearch@mozilla.com in app-system-defaults
1504618863883	addons.xpi	DEBUG	Existing add-on screenshots@mozilla.org in app-system-defaults
1504618863883	addons.xpi	DEBUG	Existing add-on shield-recipe-client@mozilla.org in app-system-defaults
1504618863884	addons.xpi	DEBUG	Existing add-on webcompat@mozilla.org in app-system-defaults
1504618863885	addons.xpi	INFO	Mapping {972ce4c6-7e08-4474-a285-3208198ce6fd} to C:\Program Files (x86)\Mozilla Firefox\browser\extensions\{972ce4c6-7e08-4474-a285-3208198ce6fd}.xpi
1504618863885	addons.xpi	DEBUG	Existing add-on {972ce4c6-7e08-4474-a285-3208198ce6fd} in app-global
1504618863885	addons.xpi	DEBUG	getInstallState changed: false, state: {}
1504618864280	addons.productaddons	INFO	sending request to: https://aus5.mozilla.org/update/3/GMP/55.0.3/20170824053622/WINNT_x86-msvc-x64/en-US/release/Windows_NT%206.1.1.0%20(x64)/default/default/update.xml
1504618866307	addons.productaddons	INFO	Completed downloading document
1504618867951	addons.productaddons	INFO	downloadXHR File download. status=200
1504618867957	addons.productaddons	INFO	Downloaded file will be saved to C:\Users\adixit\AppData\Local\Temp\tmpaddon
1504618869794	addons.productaddons	INFO	downloadXHR File download. status=200
1504618869797	addons.productaddons	INFO	Downloaded file will be saved to C:\Users\adixit\AppData\Local\Temp\tmpaddon

Build info: version: &#039;2.43.0&#039;, revision: &#039;597b76b&#039;, time: &#039;2014-09-09 20:52:38&#039;
System info: host: &#039;HIBACL54346&#039;, ip: &#039;10.99.83.203&#039;, os.name: &#039;Windows 7&#039;, os.arch: &#039;amd64&#039;, os.version: &#039;6.1&#039;, java.version: &#039;1.8.0_60&#039;
Driver info: driver.version: FirefoxDriver">
      <![CDATA[org.openqa.selenium.WebDriverException: Failed to connect to binary FirefoxBinary(C:\Program Files (x86)\Mozilla Firefox\firefox.exe) on port 7056; process output follows: 
read XPI database
*** Blocklist::_loadBlocklistFromFile: blocklist is disabled
1504618862429	addons.manager	DEBUG	Starting provider: PreviousExperimentProvider
1504618862429	addons.manager	DEBUG	Registering shutdown blocker for PreviousExperimentProvider
1504618862429	addons.manager	DEBUG	Provider finished startup: PreviousExperimentProvider
1504618863860	addons.manager	DEBUG	Starting provider: <unnamed-provider>
1504618863860	addons.manager	DEBUG	Registering shutdown blocker for <unnamed-provider>
1504618863861	addons.manager	DEBUG	Provider finished startup: <unnamed-provider>
1504618863874	addons.xpi	INFO	Mapping fxdriver@googlecode.com to C:\Users\adixit\AppData\Local\Temp\anonymous7190626328576219946webdriver-profile\extensions\fxdriver@googlecode.com
1504618863874	addons.xpi	DEBUG	Ignoring file entry whose name is not a valid add-on ID: C:\Users\adixit\AppData\Local\Temp\anonymous7190626328576219946webdriver-profile\extensions\webdriver-staging
1504618863875	addons.xpi	DEBUG	Existing add-on fxdriver@googlecode.com in app-profile
1504618863876	addons.xpi	INFO	Mapping aushelper@mozilla.org to C:\Program Files (x86)\Mozilla Firefox\browser\features\aushelper@mozilla.org.xpi
1504618863877	addons.xpi	INFO	Mapping clicktoplay-rollout@mozilla.org to C:\Program Files (x86)\Mozilla Firefox\browser\features\clicktoplay-rollout@mozilla.org.xpi
1504618863877	addons.xpi	INFO	Mapping e10srollout@mozilla.org to C:\Program Files (x86)\Mozilla Firefox\browser\features\e10srollout@mozilla.org.xpi
1504618863877	addons.xpi	INFO	Mapping firefox@getpocket.com to C:\Program Files (x86)\Mozilla Firefox\browser\features\firefox@getpocket.com.xpi
1504618863878	addons.xpi	INFO	Mapping followonsearch@mozilla.com to C:\Program Files (x86)\Mozilla Firefox\browser\features\followonsearch@mozilla.com.xpi
1504618863878	addons.xpi	INFO	Mapping screenshots@mozilla.org to C:\Program Files (x86)\Mozilla Firefox\browser\features\screenshots@mozilla.org.xpi
1504618863878	addons.xpi	INFO	Mapping shield-recipe-client@mozilla.org to C:\Program Files (x86)\Mozilla Firefox\browser\features\shield-recipe-client@mozilla.org.xpi
1504618863878	addons.xpi	INFO	Mapping webcompat@mozilla.org to C:\Program Files (x86)\Mozilla Firefox\browser\features\webcompat@mozilla.org.xpi
1504618863879	addons.xpi	DEBUG	Existing add-on aushelper@mozilla.org in app-system-defaults
1504618863880	addons.xpi	DEBUG	Existing add-on clicktoplay-rollout@mozilla.org in app-system-defaults
1504618863881	addons.xpi	DEBUG	Existing add-on e10srollout@mozilla.org in app-system-defaults
1504618863882	addons.xpi	DEBUG	Existing add-on firefox@getpocket.com in app-system-defaults
1504618863882	addons.xpi	DEBUG	Existing add-on followonsearch@mozilla.com in app-system-defaults
1504618863883	addons.xpi	DEBUG	Existing add-on screenshots@mozilla.org in app-system-defaults
1504618863883	addons.xpi	DEBUG	Existing add-on shield-recipe-client@mozilla.org in app-system-defaults
1504618863884	addons.xpi	DEBUG	Existing add-on webcompat@mozilla.org in app-system-defaults
1504618863885	addons.xpi	INFO	Mapping {972ce4c6-7e08-4474-a285-3208198ce6fd} to C:\Program Files (x86)\Mozilla Firefox\browser\extensions\{972ce4c6-7e08-4474-a285-3208198ce6fd}.xpi
1504618863885	addons.xpi	DEBUG	Existing add-on {972ce4c6-7e08-4474-a285-3208198ce6fd} in app-global
1504618863885	addons.xpi	DEBUG	getInstallState changed: false, state: {}
1504618864280	addons.productaddons	INFO	sending request to: https://aus5.mozilla.org/update/3/GMP/55.0.3/20170824053622/WINNT_x86-msvc-x64/en-US/release/Windows_NT%206.1.1.0%20(x64)/default/default/update.xml
1504618866307	addons.productaddons	INFO	Completed downloading document
1504618867951	addons.productaddons	INFO	downloadXHR File download. status=200
1504618867957	addons.productaddons	INFO	Downloaded file will be saved to C:\Users\adixit\AppData\Local\Temp\tmpaddon
1504618869794	addons.productaddons	INFO	downloadXHR File download. status=200
1504618869797	addons.productaddons	INFO	Downloaded file will be saved to C:\Users\adixit\AppData\Local\Temp\tmpaddon

Build info: version: '2.43.0', revision: '597b76b', time: '2014-09-09 20:52:38'
System info: host: 'HIBACL54346', ip: '10.99.83.203', os.name: 'Windows 7', os.arch: 'amd64', os.version: '6.1', java.version: '1.8.0_60'
Driver info: driver.version: FirefoxDriver
	at org.openqa.selenium.firefox.internal.NewProfileExtensionConnection.start(NewProfileExtensionConnection.java:130)
	at org.openqa.selenium.firefox.FirefoxDriver.startClient(FirefoxDriver.java:246)
	at org.openqa.selenium.remote.RemoteWebDriver.<init>(RemoteWebDriver.java:114)
	at org.openqa.selenium.firefox.FirefoxDriver.<init>(FirefoxDriver.java:193)
	at org.openqa.selenium.firefox.FirefoxDriver.<init>(FirefoxDriver.java:186)
	at org.openqa.selenium.firefox.FirefoxDriver.<init>(FirefoxDriver.java:182)
	at org.openqa.selenium.firefox.FirefoxDriver.<init>(FirefoxDriver.java:95)
	at training_package.Guru99_Login.LaunchBrowser(Guru99_Login.java:26)
	at sun.reflect.NativeMethodAccessorImpl.invoke0(Native Method)
	at sun.reflect.NativeMethodAccessorImpl.invoke(Unknown Source)
	at sun.reflect.DelegatingMethodAccessorImpl.invoke(Unknown Source)
	at java.lang.reflect.Method.invoke(Unknown Source)
	at org.testng.internal.MethodInvocationHelper.invokeMethod(MethodInvocationHelper.java:84)
	at org.testng.internal.Invoker.invokeConfigurationMethod(Invoker.java:564)
	at org.testng.internal.Invoker.invokeConfigurations(Invoker.java:213)
	at org.testng.internal.Invoker.invokeConfigurations(Invoker.java:138)
	at org.testng.TestRunner.beforeRun(TestRunner.java:641)
	at org.testng.TestRunner.run(TestRunner.java:609)
	at org.testng.SuiteRunner.runTest(SuiteRunner.java:334)
	at org.testng.SuiteRunner.runSequentially(SuiteRunner.java:329)
	at org.testng.SuiteRunner.privateRun(SuiteRunner.java:291)
	at org.testng.SuiteRunner.run(SuiteRunner.java:240)
	at org.testng.SuiteRunnerWorker.runSuite(SuiteRunnerWorker.java:52)
	at org.testng.SuiteRunnerWorker.run(SuiteRunnerWorker.java:86)
	at org.testng.TestNG.runSuitesSequentially(TestNG.java:1224)
	at org.testng.TestNG.runSuitesLocally(TestNG.java:1149)
	at org.testng.TestNG.run(TestNG.java:1057)
	at org.testng.remote.AbstractRemoteTestNG.run(AbstractRemoteTestNG.java:132)
	at org.testng.remote.RemoteTestNG.initAndRun(RemoteTestNG.java:236)
	at org.testng.remote.RemoteTestNG.main(RemoteTestNG.java:81)
Caused by: org.openqa.selenium.firefox.NotConnectedException: Unable to connect to host 127.0.0.1 on port 7056 after 45000 ms. Firefox console output:
read XPI database
*** Blocklist::_loadBlocklistFromFile: blocklist is disabled
1504618862429	addons.manager	DEBUG	Starting provider: PreviousExperimentProvider
1504618862429	addons.manager	DEBUG	Registering shutdown blocker for PreviousExperimentProvider
1504618862429	addons.manager	DEBUG	Provider finished startup: PreviousExperimentProvider
1504618863860	addons.manager	DEBUG	Starting provider: <unnamed-provider>
1504618863860	addons.manager	DEBUG	Registering shutdown blocker for <unnamed-provider>
1504618863861	addons.manager	DEBUG	Provider finished startup: <unnamed-provider>
1504618863874	addons.xpi	INFO	Mapping fxdriver@googlecode.com to C:\Users\adixit\AppData\Local\Temp\anonymous7190626328576219946webdriver-profile\extensions\fxdriver@googlecode.com
1504618863874	addons.xpi	DEBUG	Ignoring file entry whose name is not a valid add-on ID: C:\Users\adixit\AppData\Local\Temp\anonymous7190626328576219946webdriver-profile\extensions\webdriver-staging
1504618863875	addons.xpi	DEBUG	Existing add-on fxdriver@googlecode.com in app-profile
1504618863876	addons.xpi	INFO	Mapping aushelper@mozilla.org to C:\Program Files (x86)\Mozilla Firefox\browser\features\aushelper@mozilla.org.xpi
1504618863877	addons.xpi	INFO	Mapping clicktoplay-rollout@mozilla.org to C:\Program Files (x86)\Mozilla Firefox\browser\features\clicktoplay-rollout@mozilla.org.xpi
1504618863877	addons.xpi	INFO	Mapping e10srollout@mozilla.org to C:\Program Files (x86)\Mozilla Firefox\browser\features\e10srollout@mozilla.org.xpi
1504618863877	addons.xpi	INFO	Mapping firefox@getpocket.com to C:\Program Files (x86)\Mozilla Firefox\browser\features\firefox@getpocket.com.xpi
1504618863878	addons.xpi	INFO	Mapping followonsearch@mozilla.com to C:\Program Files (x86)\Mozilla Firefox\browser\features\followonsearch@mozilla.com.xpi
1504618863878	addons.xpi	INFO	Mapping screenshots@mozilla.org to C:\Program Files (x86)\Mozilla Firefox\browser\features\screenshots@mozilla.org.xpi
1504618863878	addons.xpi	INFO	Mapping shield-recipe-client@mozilla.org to C:\Program Files (x86)\Mozilla Firefox\browser\features\shield-recipe-client@mozilla.org.xpi
1504618863878	addons.xpi	INFO	Mapping webcompat@mozilla.org to C:\Program Files (x86)\Mozilla Firefox\browser\features\webcompat@mozilla.org.xpi
1504618863879	addons.xpi	DEBUG	Existing add-on aushelper@mozilla.org in app-system-defaults
1504618863880	addons.xpi	DEBUG	Existing add-on clicktoplay-rollout@mozilla.org in app-system-defaults
1504618863881	addons.xpi	DEBUG	Existing add-on e10srollout@mozilla.org in app-system-defaults
1504618863882	addons.xpi	DEBUG	Existing add-on firefox@getpocket.com in app-system-defaults
1504618863882	addons.xpi	DEBUG	Existing add-on followonsearch@mozilla.com in app-system-defaults
1504618863883	addons.xpi	DEBUG	Existing add-on screenshots@mozilla.org in app-system-defaults
1504618863883	addons.xpi	DEBUG	Existing add-on shield-recipe-client@mozilla.org in app-system-defaults
1504618863884	addons.xpi	DEBUG	Existing add-on webcompat@mozilla.org in app-system-defaults
1504618863885	addons.xpi	INFO	Mapping {972ce4c6-7e08-4474-a285-3208198ce6fd} to C:\Program Files (x86)\Mozilla Firefox\browser\extensions\{972ce4c6-7e08-4474-a285-3208198ce6fd}.xpi
1504618863885	addons.xpi	DEBUG	Existing add-on {972ce4c6-7e08-4474-a285-3208198ce6fd} in app-global
1504618863885	addons.xpi	DEBUG	getInstallState changed: false, state: {}
1504618864280	addons.productaddons	INFO	sending request to: https://aus5.mozilla.org/update/3/GMP/55.0.3/20170824053622/WINNT_x86-msvc-x64/en-US/release/Windows_NT%206.1.1.0%20(x64)/default/default/update.xml
1504618866307	addons.productaddons	INFO	Completed downloading document
1504618867951	addons.productaddons	INFO	downloadXHR File download. status=200
1504618867957	addons.productaddons	INFO	Downloaded file will be saved to C:\Users\adixit\AppData\Local\Temp\tmpaddon
1504618869794	addons.productaddons	INFO	downloadXHR File download. status=200
1504618869797	addons.productaddons	INFO	Downloaded file will be saved to C:\Users\adixit\AppData\Local\Temp\tmpaddon

	at org.openqa.selenium.firefox.internal.NewProfileExtensionConnection.start(NewProfileExtensionConnection.java:118)
	... 29 more
]]>
    </failure>
  </testcase> <!-- Login -->
</testsuite> <!-- training_package.Guru99_Login -->
